Arguments: 
  C:\Program Files\nodejs\node.exe C:\Program Files (x86)\Yarn\bin\yarn.js

PATH: 
  C:\Program Files (x86)\Intel\iCLS Client\;C:\Program Files\Intel\iCLS Client\;C:\ProgramData\Oracle\Java\javapath;C:\WINDOWS\system32;C:\WINDOWS;C:\WINDOWS\System32\Wbem;C:\WINDOWS\System32\WindowsPowerShell\v1.0\;C:\Program Files (x86)\Microsoft SQL Server\Client SDK\ODBC\130\Tools\Binn\;C:\Program Files (x86)\Microsoft SQL Server\140\Tools\Binn\;C:\Program Files (x86)\Microsoft SQL Server\140\DTS\Binn\;C:\Program Files (x86)\Microsoft SQL Server\140\Tools\Binn\ManagementStudio\;C:\Program Files\dotnet\;C:\Program Files (x86)\Intel\Intel(R) Management Engine Components\DAL;C:\Program Files\Intel\Intel(R) Management Engine Components\DAL;C:\Program Files (x86)\Intel\Intel(R) Management Engine Components\IPT;C:\Program Files\Intel\Intel(R) Management Engine Components\IPT;C:\WINDOWS\System32\OpenSSH\;C:\Program Files (x86)\Yarn\bin\;C:\Program Files\nodejs\;C:\Users\elliot.rowe\AppData\Local\Microsoft\WindowsApps;C:\Users\elliot.rowe\AppData\Local\Programs\Git\cmd;C:\Users\elliot.rowe\AppData\Local\Yarn\bin;C:\Users\elliot.rowe\AppData\Roaming\npm

Yarn version: 
  1.7.0

Node version: 
  8.11.3

Platform: 
  win32 x64

Trace: 
  TypeError: Reduce of empty array with no initial value
      at Array.reduce (<anonymous>)
      at PackageLinker.<anonymous> (C:\Program Files (x86)\Yarn\lib\cli.js:50461:43)
      at Generator.next (<anonymous>)
      at step (C:\Program Files (x86)\Yarn\lib\cli.js:98:30)
      at C:\Program Files (x86)\Yarn\lib\cli.js:109:13
      at <anonymous>
      at process._tickCallback (internal/process/next_tick.js:188:7)

npm manifest: 
  {
    "name": "escher-fba",
    "version": "0.1.0",
    "homepage": "https://sbrg.github.io/escher-fba",
    "private": true,
    "dependencies": {
      "@just-boris/preact-scripts": "1.1.0",
      "babel-core": "^6.26.0",
      "babel-loader": "^7.1.2",
      "escher": "^1.7.0-beta.1",
      "gh-pages": "^1.0.0",
      "glpk.js": "https://github.com/hgourvest/glpk.js",
      "history": "^4.7.2",
      "preact": "^8.2.7",
      "preact-compat": "^3.18.0",
      "preact-router": "^2.6.0",
      "rc-slider-preact": "https://github.com/zakandrewking/rc-slider-preact.git",
      "snazzy": "^7.0.0",
      "standard": "^10.0.3",
      "webpack": "^3.10.0",
      "worker-loader": "^1.1.0"
    },
    "scripts": {
      "predeploy": "npm run build",
      "deploy": "gh-pages -d build",
      "start": "react-scripts start",
      "build": "react-scripts build",
      "test": "react-scripts test --env=jsdom",
      "eject": "react-scripts eject",
      "lint": "standard --fix | snazzy"
    },
    "standard": {
      "parser": "babel-eslint"
    }
  }

yarn manifest: 
  No manifest

Lockfile: 
  No lockfile
